<?xml version="1.0" encoding="UTF-8"?>
<testsuite xmlns:xsi="http://www.w3.org/2001/XMLSchema-instance" xsi:noNamespaceSchemaLocation="https://maven.apache.org/surefire/maven-surefire-plugin/xsd/surefire-test-report-3.0.xsd" version="3.0" name="com.lyhuoth.bank.account.AccountApplicationTests" time="2.364" tests="1" errors="0" skipped="0" failures="0">
  <properties>
[...]
</properties>
  <testcase name="contextLoads" classname="com.lyhuoth.bank.account.AccountApplicationTests" time="0.274">
    <system-out><![CDATA[19:14:12.803 [main] INFO org.springframework.test.context.support.AnnotationConfigContextLoaderUtils -- Could not detect default configuration classes for test class [com.lyhuoth.bank.account.AccountApplicationTests]: AccountApplicationTests does not declare any static, non-private, non-final, nested classes annotated with @Configuration.
19:14:12.839 [main] INFO org.springframework.boot.test.context.SpringBootTestContextBootstrapper -- Found @SpringBootConfiguration com.lyhuoth.bank.account.AccountApplication for test class com.lyhuoth.bank.account.AccountApplicationTests

  .   ____          _            __ _ _
 /\\ / ___'_ __ _ _(_)_ __  __ _ \ \ \ \
( ( )\___ | '_ | '_| | '_ \/ _` | \ \ \ \
 \\/  ___)| |_)| | | | | || (_| |  ) ) ) )
  '  |____| .__|_| |_|_| |_\__, | / / / /
 =========|_|==============|___/=/_/_/_/

 :: Spring Boot ::                (v3.3.8)

2025-02-04T19:14:13.001+07:00  INFO 7451 --- [account] [           main] c.l.b.account.AccountApplicationTests    : Starting AccountApplicationTests using Java 17.0.13 with PID 7451 (started by lyhuoth in /Users/lyhuoth/Desktop/micro/account)
2025-02-04T19:14:13.001+07:00  INFO 7451 --- [account] [           main] c.l.b.account.AccountApplicationTests    : The following 1 profile is active: "local"
2025-02-04T19:14:13.366+07:00  INFO 7451 --- [account] [           main] .s.d.r.c.RepositoryConfigurationDelegate : Bootstrapping Spring Data JPA repositories in DEFAULT mode.
2025-02-04T19:14:13.387+07:00  INFO 7451 --- [account] [           main] .s.d.r.c.RepositoryConfigurationDelegate : Finished Spring Data repository scanning in 18 ms. Found 2 JPA repository interfaces.
2025-02-04T19:14:13.610+07:00  INFO 7451 --- [account] [           main] com.zaxxer.hikari.HikariDataSource       : ConnectionPool - Starting...
2025-02-04T19:14:13.704+07:00  INFO 7451 --- [account] [           main] com.zaxxer.hikari.pool.HikariPool        : ConnectionPool - Added connection org.postgresql.jdbc.PgConnection@6a6da47a
2025-02-04T19:14:13.704+07:00  INFO 7451 --- [account] [           main] com.zaxxer.hikari.HikariDataSource       : ConnectionPool - Start completed.
2025-02-04T19:14:13.724+07:00  INFO 7451 --- [account] [           main] o.hibernate.jpa.internal.util.LogHelper  : HHH000204: Processing PersistenceUnitInfo [name: default]
2025-02-04T19:14:13.744+07:00  INFO 7451 --- [account] [           main] org.hibernate.Version                    : HHH000412: Hibernate ORM core version 6.5.3.Final
2025-02-04T19:14:13.756+07:00  INFO 7451 --- [account] [           main] o.h.c.internal.RegionFactoryInitiator    : HHH000026: Second-level cache disabled
2025-02-04T19:14:13.858+07:00  INFO 7451 --- [account] [           main] o.s.o.j.p.SpringPersistenceUnitInfo      : No LoadTimeWeaver setup: ignoring JPA class transformer
2025-02-04T19:14:13.880+07:00  WARN 7451 --- [account] [           main] org.hibernate.orm.deprecation            : HHH90000025: PostgreSQLDialect does not need to be specified explicitly using 'hibernate.dialect' (remove the property setting and it will be selected by default)
2025-02-04T19:14:14.190+07:00  INFO 7451 --- [account] [           main] o.h.e.t.j.p.i.JtaPlatformInitiator       : HHH000489: No JTA platform available (set 'hibernate.transaction.jta.platform' to enable JTA platform integration)
2025-02-04T19:14:14.191+07:00  INFO 7451 --- [account] [           main] j.LocalContainerEntityManagerFactoryBean : Initialized JPA EntityManagerFactory for persistence unit 'default'
2025-02-04T19:14:14.419+07:00  WARN 7451 --- [account] [           main] JpaBaseConfiguration$JpaWebConfiguration : spring.jpa.open-in-view is enabled by default. Therefore, database queries may be performed during view rendering. Explicitly configure spring.jpa.open-in-view to disable this warning
2025-02-04T19:14:14.445+07:00  INFO 7451 --- [account] [           main] o.s.v.b.OptionalValidatorFactoryBean     : Failed to set up a Bean Validation provider: jakarta.validation.NoProviderFoundException: Unable to create a Configuration, because no Jakarta Bean Validation provider could be found. Add a provider like Hibernate Validator (RI) to your classpath.
2025-02-04T19:14:14.770+07:00  INFO 7451 --- [account] [           main] o.s.b.a.e.web.EndpointLinksResolver      : Exposing 1 endpoint beneath base path '/actuator'
2025-02-04T19:14:14.804+07:00  INFO 7451 --- [account] [           main] c.l.b.account.AccountApplicationTests    : Started AccountApplicationTests in 1.917 seconds (process running for 2.27)
]]></system-out>
  </testcase>
</testsuite>